<?xml version="1.0" encoding="UTF-8"?>
<testng-results skipped="0" failed="0" ignored="0" total="1" passed="1">
  <reporter-output>
  </reporter-output>
  <suite name="Default suite" duration-ms="2571" started-at="2023-05-23T10:30:35Z" finished-at="2023-05-23T10:30:38Z">
    <groups>
    </groups>
    <test name="Default test" duration-ms="2571" started-at="2023-05-23T10:30:35Z" finished-at="2023-05-23T10:30:38Z">
      <class name="Program.DimondShapePatern">
        <test-method status="PASS" signature="demo()[pri:0, instance:Program.DimondShapePatern@7946e1f4]" name="demo" duration-ms="2545" started-at="2023-05-23T16:00:35Z" finished-at="2023-05-23T16:00:38Z">
          <reporter-output>
          </reporter-output>
        </test-method> <!-- demo -->
      </class> <!-- Program.DimondShapePatern -->
    </test> <!-- Default test -->
  </suite> <!-- Default suite -->
</testng-results>
